1597281931243	geckodriver	INFO	Listening on 127.0.0.1:49443
1597281931639	mozrunner::runner	INFO	Running command: "/Applications/Firefox.app/Contents/MacOS/firefox-bin" "--marionette" "-foreground" "-no-remote" "-profile" "/var/folders/ym/ldfj52kx7gvb53_wzrh_whmr0000gn/T/rust_mozprofilemTCsUh"
console.error: SearchCache: "_readCacheFile: Error reading cache file:" (new Error("", "(unknown module)"))
1597281934255	Marionette	INFO	Listening on port 49460
1597281934353	Marionette	WARN	TLS certificate errors will be ignored for this session
1597281955138	geckodriver	INFO	Listening on 127.0.0.1:49531
1597281955144	mozrunner::runner	INFO	Running command: "/Applications/Firefox.app/Contents/MacOS/firefox-bin" "--marionette" "-foreground" "-no-remote" "-profile" "/var/folders/ym/ldfj52kx7gvb53_wzrh_whmr0000gn/T/rust_mozprofileOtzHgG"
console.error: SearchCache: "_readCacheFile: Error reading cache file:" (new Error("", "(unknown module)"))
1597281957198	Marionette	INFO	Listening on port 49540
1597281957288	Marionette	WARN	TLS certificate errors will be ignored for this session
1597282187513	geckodriver	INFO	Listening on 127.0.0.1:49724
1597282188525	mozrunner::runner	INFO	Running command: "/Applications/Firefox.app/Contents/MacOS/firefox-bin" "--marionette" "-foreground" "-no-remote" "-profile" "/var/folders/ym/ldfj52kx7gvb53_wzrh_whmr0000gn/T/rust_mozprofileNBPog0"
console.error: SearchCache: "_readCacheFile: Error reading cache file:" (new Error("", "(unknown module)"))
1597282190561	Marionette	INFO	Listening on port 49735
1597282190577	Marionette	WARN	TLS certificate errors will be ignored for this session
1597282603796	geckodriver	INFO	Listening on 127.0.0.1:50581
1597282604805	mozrunner::runner	INFO	Running command: "/Applications/Firefox.app/Contents/MacOS/firefox-bin" "--marionette" "-foreground" "-no-remote" "-profile" "/var/folders/ym/ldfj52kx7gvb53_wzrh_whmr0000gn/T/rust_mozprofileaiIaYd"
console.error: SearchCache: "_readCacheFile: Error reading cache file:" (new Error("", "(unknown module)"))
1597282606809	Marionette	INFO	Listening on port 50596
1597282606845	Marionette	WARN	TLS certificate errors will be ignored for this session
JavaScript error: https://gum.criteo.com/sync?c=46&r=2&j=handleData, line 1: SecurityError: The operation is insecure.
1597282757920	geckodriver	INFO	Listening on 127.0.0.1:51448
1597282758932	mozrunner::runner	INFO	Running command: "/Applications/Firefox.app/Contents/MacOS/firefox-bin" "--marionette" "-foreground" "-no-remote" "-profile" "/var/folders/ym/ldfj52kx7gvb53_wzrh_whmr0000gn/T/rust_mozprofile5A4q96"
console.error: SearchCache: "_readCacheFile: Error reading cache file:" (new Error("", "(unknown module)"))
1597282761090	Marionette	INFO	Listening on port 51463
1597282761165	Marionette	WARN	TLS certificate errors will be ignored for this session
JavaScript error: https://gum.criteo.com/sync?c=46&r=2&j=handleData, line 1: SecurityError: The operation is insecure.
1597282965938	geckodriver	INFO	Listening on 127.0.0.1:52589
1597282966951	mozrunner::runner	INFO	Running command: "/Applications/Firefox.app/Contents/MacOS/firefox-bin" "--marionette" "-headless" "-foreground" "-no-remote" "-profile" "/var/folders/ym/ldfj52kx7gvb53_wzrh_whmr0000gn/T/rust_mozprofiler6CR7m"
*** You are running in headless mode.
console.error: SearchCache: "_readCacheFile: Error reading cache file:" (new Error("", "(unknown module)"))
1597282968471	Marionette	INFO	Listening on port 52604
1597282968487	Marionette	WARN	TLS certificate errors will be ignored for this session
JavaScript error: https://cdn.ampproject.org/rtv/012007302351000/amp4ads-v0.js, line 28: Error: Failed to load: https://tpc.googlesyndication.com/pagead/images/abg/icon.png​​​
JavaScript error: https://cdn.ampproject.org/rtv/012007302351000/amp4ads-v0.js, line 28: Error: Failed to load: https://tpc.googlesyndication.com/pagead/images/abg/icon.png​​​
JavaScript error: https://cdn.ampproject.org/rtv/012007302351000/amp4ads-v0.js, line 28: Error: Failed to load: https://tpc.googlesyndication.com/pagead/images/abg/icon.png​​​
JavaScript error: https://cdn.ampproject.org/rtv/012007302351000/amp4ads-v0.js, line 28: Error: Failed to load: https://tpc.googlesyndication.com/pagead/images/abg/icon.png​​​
JavaScript error: https://cdn.ampproject.org/rtv/012007302351000/amp4ads-v0.js, line 28: Error: Failed to load: https://tpc.googlesyndication.com/pagead/images/abg/icon.png​​​
JavaScript error: https://cdn.ampproject.org/rtv/012007302351000/amp4ads-v0.js, line 28: Error: Failed to load: https://tpc.googlesyndication.com/pagead/images/abg/en.png​​​
JavaScript error: https://cdn.ampproject.org/rtv/012007302351000/amp4ads-v0.js, line 28: Error: Failed to load: https://tpc.googlesyndication.com/pagead/images/abg/en.png​​​
JavaScript error: https://cdn.ampproject.org/rtv/012007302351000/amp4ads-v0.js, line 28: Error: Failed to load: https://tpc.googlesyndication.com/pagead/images/abg/en.png​​​
JavaScript error: https://cdn.ampproject.org/rtv/012007302351000/amp4ads-v0.js, line 28: Error: Failed to load: https://tpc.googlesyndication.com/pagead/images/abg/en.png​​​
JavaScript error: https://cdn.ampproject.org/rtv/012007302351000/amp4ads-v0.js, line 28: Error: Failed to load: https://tpc.googlesyndication.com/pagead/images/abg/en.png​​​
JavaScript error: https://gum.criteo.com/sync?c=46&r=2&j=handleData, line 1: SecurityError: The operation is insecure.
JavaScript warning: https://pagead2.googlesyndication.com/bg/521PoRGnh7h8BVOMyCpHrhejufpyvF5vdQBdJpCoVT0.js line 1 > Function line 3 > eval line 1 > eval, line 1: WebGL warning: <Create>: Can't use WebGL in headless mode (https://bugzil.la/1375585).
JavaScript warning: https://pagead2.googlesyndication.com/bg/521PoRGnh7h8BVOMyCpHrhejufpyvF5vdQBdJpCoVT0.js line 1 > Function line 3 > eval line 1 > eval, line 1: Failed to create WebGL context: WebGL creation failed: 
* Can't use WebGL in headless mode (https://bugzil.la/1375585).
1597283026376	Marionette	INFO	Stopped listening on port 49460
1597283031386	Marionette	INFO	Stopped listening on port 49540
1597283034894	Marionette	INFO	Stopped listening on port 49735
1597283043795	Marionette	INFO	Stopped listening on port 50596
1597283053878	Marionette	INFO	Stopped listening on port 51463
1597283115395	geckodriver	INFO	Listening on 127.0.0.1:53476
1597283116404	mozrunner::runner	INFO	Running command: "/Applications/Firefox.app/Contents/MacOS/firefox-bin" "--marionette" "-headless" "-foreground" "-no-remote" "-profile" "/var/folders/ym/ldfj52kx7gvb53_wzrh_whmr0000gn/T/rust_mozprofile9CjYEI"
*** You are running in headless mode.
console.error: SearchCache: "_readCacheFile: Error reading cache file:" (new Error("", "(unknown module)"))
1597283118017	Marionette	INFO	Listening on port 53491
1597283118024	Marionette	WARN	TLS certificate errors will be ignored for this session
JavaScript warning: https://www.kurashiru.com/ line 1 > injectedScript, line 1: WebGL warning: <Create>: Can't use WebGL in headless mode (https://bugzil.la/1375585).
JavaScript warning: https://www.kurashiru.com/ line 1 > injectedScript, line 1: Failed to create WebGL context: WebGL creation failed: 
* Can't use WebGL in headless mode (https://bugzil.la/1375585).
JavaScript warning: https://www.kurashiru.com/ line 1 > injectedScript, line 1: WebGL warning: <Create>: Can't use WebGL in headless mode (https://bugzil.la/1375585).
JavaScript warning: https://www.kurashiru.com/ line 1 > injectedScript, line 1: Failed to create WebGL context: WebGL creation failed: 
* Can't use WebGL in headless mode (https://bugzil.la/1375585).
JavaScript error: https://gum.criteo.com/sync?c=46&r=2&j=handleData, line 1: SecurityError: The operation is insecure.
JavaScript warning: https://pagead2.googlesyndication.com/bg/521PoRGnh7h8BVOMyCpHrhejufpyvF5vdQBdJpCoVT0.js line 1 > Function line 3 > eval line 1 > eval, line 1: WebGL warning: <Create>: Can't use WebGL in headless mode (https://bugzil.la/1375585).
JavaScript warning: https://pagead2.googlesyndication.com/bg/521PoRGnh7h8BVOMyCpHrhejufpyvF5vdQBdJpCoVT0.js line 1 > Function line 3 > eval line 1 > eval, line 1: Failed to create WebGL context: WebGL creation failed: 
* Can't use WebGL in headless mode (https://bugzil.la/1375585).
1597283319258	geckodriver	INFO	Listening on 127.0.0.1:54547
1597283320267	mozrunner::runner	INFO	Running command: "/Applications/Firefox.app/Contents/MacOS/firefox-bin" "--marionette" "-headless" "-foreground" "-no-remote" "-profile" "/var/folders/ym/ldfj52kx7gvb53_wzrh_whmr0000gn/T/rust_mozprofileeI4bUQ"
*** You are running in headless mode.
console.error: SearchCache: "_readCacheFile: Error reading cache file:" (new Error("", "(unknown module)"))
1597283321840	Marionette	INFO	Listening on port 54562
1597283321900	Marionette	WARN	TLS certificate errors will be ignored for this session
JavaScript error: https://gum.criteo.com/sync?c=46&r=2&j=handleData, line 1: SecurityError: The operation is insecure.
JavaScript warning: https://pagead2.googlesyndication.com/bg/521PoRGnh7h8BVOMyCpHrhejufpyvF5vdQBdJpCoVT0.js line 1 > Function line 3 > eval, line 1: WebGL warning: <Create>: Can't use WebGL in headless mode (https://bugzil.la/1375585).
JavaScript warning: https://pagead2.googlesyndication.com/bg/521PoRGnh7h8BVOMyCpHrhejufpyvF5vdQBdJpCoVT0.js line 1 > Function line 3 > eval, line 1: Failed to create WebGL context: WebGL creation failed: 
* Can't use WebGL in headless mode (https://bugzil.la/1375585).
1597283558905	geckodriver	INFO	Listening on 127.0.0.1:55749
1597283559912	mozrunner::runner	INFO	Running command: "/Applications/Firefox.app/Contents/MacOS/firefox-bin" "--marionette" "-headless" "-foreground" "-no-remote" "-profile" "/var/folders/ym/ldfj52kx7gvb53_wzrh_whmr0000gn/T/rust_mozprofileJJ9obz"
*** You are running in headless mode.
console.error: SearchCache: "_readCacheFile: Error reading cache file:" (new Error("", "(unknown module)"))
1597283561655	Marionette	INFO	Listening on port 55764
1597283561765	Marionette	WARN	TLS certificate errors will be ignored for this session
JavaScript error: https://hm.mieru-ca.com/service/js/mieruca-hm.js?v=1597283562476, line 2: TypeError: document.body is null
JavaScript error: https://gum.criteo.com/sync?c=46&r=2&j=handleData, line 1: SecurityError: The operation is insecure.
JavaScript warning: https://pagead2.googlesyndication.com/bg/521PoRGnh7h8BVOMyCpHrhejufpyvF5vdQBdJpCoVT0.js line 1 > Function line 3 > eval, line 1: WebGL warning: <Create>: Can't use WebGL in headless mode (https://bugzil.la/1375585).
JavaScript warning: https://pagead2.googlesyndication.com/bg/521PoRGnh7h8BVOMyCpHrhejufpyvF5vdQBdJpCoVT0.js line 1 > Function line 3 > eval, line 1: Failed to create WebGL context: WebGL creation failed: 
* Can't use WebGL in headless mode (https://bugzil.la/1375585).
1597283691595	geckodriver	INFO	Listening on 127.0.0.1:56535
1597283692601	mozrunner::runner	INFO	Running command: "/Applications/Firefox.app/Contents/MacOS/firefox-bin" "--marionette" "-headless" "-foreground" "-no-remote" "-profile" "/var/folders/ym/ldfj52kx7gvb53_wzrh_whmr0000gn/T/rust_mozprofilemLmruk"
*** You are running in headless mode.
console.error: SearchCache: "_readCacheFile: Error reading cache file:" (new Error("", "(unknown module)"))
1597283694239	Marionette	INFO	Listening on port 56550
1597283694341	Marionette	WARN	TLS certificate errors will be ignored for this session
JavaScript warning: https://www.kurashiru.com/ line 1 > injectedScript, line 1: WebGL warning: <Create>: Can't use WebGL in headless mode (https://bugzil.la/1375585).
JavaScript warning: https://www.kurashiru.com/ line 1 > injectedScript, line 1: Failed to create WebGL context: WebGL creation failed: 
* Can't use WebGL in headless mode (https://bugzil.la/1375585).
JavaScript warning: https://www.kurashiru.com/ line 1 > injectedScript, line 1: WebGL warning: <Create>: Can't use WebGL in headless mode (https://bugzil.la/1375585).
JavaScript warning: https://www.kurashiru.com/ line 1 > injectedScript, line 1: Failed to create WebGL context: WebGL creation failed: 
* Can't use WebGL in headless mode (https://bugzil.la/1375585).
JavaScript error: https://s.yimg.jp/images/listing/tool/yads/ydn/creative/variable/banner.min.js, line 2: SecurityError: The operation is insecure.
JavaScript error: https://gum.criteo.com/sync?c=46&r=2&j=handleData, line 1: SecurityError: The operation is insecure.
JavaScript warning: https://pagead2.googlesyndication.com/bg/521PoRGnh7h8BVOMyCpHrhejufpyvF5vdQBdJpCoVT0.js line 1 > Function line 3 > eval, line 1: WebGL warning: <Create>: Can't use WebGL in headless mode (https://bugzil.la/1375585).
JavaScript warning: https://pagead2.googlesyndication.com/bg/521PoRGnh7h8BVOMyCpHrhejufpyvF5vdQBdJpCoVT0.js line 1 > Function line 3 > eval, line 1: Failed to create WebGL context: WebGL creation failed: 
* Can't use WebGL in headless mode (https://bugzil.la/1375585).
1597283814608	geckodriver	INFO	Listening on 127.0.0.1:57312
1597283815619	mozrunner::runner	INFO	Running command: "/Applications/Firefox.app/Contents/MacOS/firefox-bin" "--marionette" "-headless" "-foreground" "-no-remote" "-profile" "/var/folders/ym/ldfj52kx7gvb53_wzrh_whmr0000gn/T/rust_mozprofileVhOJwE"
*** You are running in headless mode.
console.error: SearchCache: "_readCacheFile: Error reading cache file:" (new Error("", "(unknown module)"))
1597283817566	Marionette	INFO	Listening on port 57328
1597283817658	Marionette	WARN	TLS certificate errors will be ignored for this session
JavaScript warning: https://pagead2.googlesyndication.com/bg/521PoRGnh7h8BVOMyCpHrhejufpyvF5vdQBdJpCoVT0.js line 1 > Function line 3 > eval, line 1: WebGL warning: <Create>: Can't use WebGL in headless mode (https://bugzil.la/1375585).
JavaScript warning: https://pagead2.googlesyndication.com/bg/521PoRGnh7h8BVOMyCpHrhejufpyvF5vdQBdJpCoVT0.js line 1 > Function line 3 > eval, line 1: Failed to create WebGL context: WebGL creation failed: 
* Can't use WebGL in headless mode (https://bugzil.la/1375585).
1597283870091	geckodriver	INFO	Listening on 127.0.0.1:57843
1597283871100	mozrunner::runner	INFO	Running command: "/Applications/Firefox.app/Contents/MacOS/firefox-bin" "--marionette" "-headless" "-foreground" "-no-remote" "-profile" "/var/folders/ym/ldfj52kx7gvb53_wzrh_whmr0000gn/T/rust_mozprofileC4MObF"
*** You are running in headless mode.
console.error: SearchCache: "_readCacheFile: Error reading cache file:" (new Error("", "(unknown module)"))
1597283872838	Marionette	INFO	Listening on port 57858
1597283872843	Marionette	WARN	TLS certificate errors will be ignored for this session
JavaScript warning: https://pagead2.googlesyndication.com/bg/521PoRGnh7h8BVOMyCpHrhejufpyvF5vdQBdJpCoVT0.js line 1 > Function line 3 > eval, line 1: WebGL warning: <Create>: Can't use WebGL in headless mode (https://bugzil.la/1375585).
JavaScript warning: https://pagead2.googlesyndication.com/bg/521PoRGnh7h8BVOMyCpHrhejufpyvF5vdQBdJpCoVT0.js line 1 > Function line 3 > eval, line 1: Failed to create WebGL context: WebGL creation failed: 
* Can't use WebGL in headless mode (https://bugzil.la/1375585).
1597284120674	geckodriver	INFO	Listening on 127.0.0.1:59175
1597284121683	mozrunner::runner	INFO	Running command: "/Applications/Firefox.app/Contents/MacOS/firefox-bin" "--marionette" "-headless" "-foreground" "-no-remote" "-profile" "/var/folders/ym/ldfj52kx7gvb53_wzrh_whmr0000gn/T/rust_mozprofileOiYfWO"
*** You are running in headless mode.
1597284122406	geckodriver	INFO	Listening on 127.0.0.1:59203
console.error: SearchCache: "_readCacheFile: Error reading cache file:" (new Error("", "(unknown module)"))
1597284123413	mozrunner::runner	INFO	Running command: "/Applications/Firefox.app/Contents/MacOS/firefox-bin" "--marionette" "-headless" "-foreground" "-no-remote" "-profile" "/var/folders/ym/ldfj52kx7gvb53_wzrh_whmr0000gn/T/rust_mozprofilebzi0ua"
*** You are running in headless mode.
1597284123750	Marionette	INFO	Listening on port 59194
1597284123836	Marionette	WARN	TLS certificate errors will be ignored for this session
console.error: SearchCache: "_readCacheFile: Error reading cache file:" (new Error("", "(unknown module)"))
1597284125975	Marionette	INFO	Listening on port 59236
1597284125986	Marionette	WARN	TLS certificate errors will be ignored for this session
JavaScript error: https://gum.criteo.com/sync?c=46&r=2&j=handleData, line 1: SecurityError: The operation is insecure.
JavaScript warning: https://pagead2.googlesyndication.com/bg/521PoRGnh7h8BVOMyCpHrhejufpyvF5vdQBdJpCoVT0.js line 1 > Function line 3 > eval, line 1: WebGL warning: <Create>: Can't use WebGL in headless mode (https://bugzil.la/1375585).
JavaScript warning: https://pagead2.googlesyndication.com/bg/521PoRGnh7h8BVOMyCpHrhejufpyvF5vdQBdJpCoVT0.js line 1 > Function line 3 > eval, line 1: Failed to create WebGL context: WebGL creation failed: 
* Can't use WebGL in headless mode (https://bugzil.la/1375585).
JavaScript error: https://gum.criteo.com/sync?c=46&r=2&j=handleData, line 1: SecurityError: The operation is insecure.
JavaScript error: https://gum.criteo.com/sync?c=46&r=2&j=handleData, line 1: SecurityError: The operation is insecure.
JavaScript warning: https://pagead2.googlesyndication.com/bg/521PoRGnh7h8BVOMyCpHrhejufpyvF5vdQBdJpCoVT0.js line 1 > Function line 3 > eval, line 1: WebGL warning: <Create>: Can't use WebGL in headless mode (https://bugzil.la/1375585).
JavaScript warning: https://pagead2.googlesyndication.com/bg/521PoRGnh7h8BVOMyCpHrhejufpyvF5vdQBdJpCoVT0.js line 1 > Function line 3 > eval, line 1: Failed to create WebGL context: WebGL creation failed: 
* Can't use WebGL in headless mode (https://bugzil.la/1375585).
1597284196585	geckodriver	INFO	Listening on 127.0.0.1:59926
1597284197592	mozrunner::runner	INFO	Running command: "/Applications/Firefox.app/Contents/MacOS/firefox-bin" "--marionette" "-headless" "-foreground" "-no-remote" "-profile" "/var/folders/ym/ldfj52kx7gvb53_wzrh_whmr0000gn/T/rust_mozprofileH883Ws"
*** You are running in headless mode.
console.error: SearchCache: "_readCacheFile: Error reading cache file:" (new Error("", "(unknown module)"))
1597284199934	Marionette	INFO	Listening on port 59942
1597284199970	Marionette	WARN	TLS certificate errors will be ignored for this session
JavaScript warning: https://www.kurashiru.com/ line 1 > injectedScript, line 1: WebGL warning: <Create>: Can't use WebGL in headless mode (https://bugzil.la/1375585).
JavaScript warning: https://www.kurashiru.com/ line 1 > injectedScript, line 1: Failed to create WebGL context: WebGL creation failed: 
* Can't use WebGL in headless mode (https://bugzil.la/1375585).
JavaScript warning: https://www.kurashiru.com/ line 1 > injectedScript, line 1: WebGL warning: <Create>: Can't use WebGL in headless mode (https://bugzil.la/1375585).
JavaScript warning: https://www.kurashiru.com/ line 1 > injectedScript, line 1: Failed to create WebGL context: WebGL creation failed: 
* Can't use WebGL in headless mode (https://bugzil.la/1375585).
JavaScript error: https://gum.criteo.com/sync?c=46&r=2&j=handleData, line 1: SecurityError: The operation is insecure.
JavaScript error: https://gum.criteo.com/sync?c=46&r=2&j=handleData, line 1: SecurityError: The operation is insecure.
JavaScript warning: https://pagead2.googlesyndication.com/bg/521PoRGnh7h8BVOMyCpHrhejufpyvF5vdQBdJpCoVT0.js line 1 > Function line 3 > eval, line 1: WebGL warning: <Create>: Can't use WebGL in headless mode (https://bugzil.la/1375585).
JavaScript warning: https://pagead2.googlesyndication.com/bg/521PoRGnh7h8BVOMyCpHrhejufpyvF5vdQBdJpCoVT0.js line 1 > Function line 3 > eval, line 1: Failed to create WebGL context: WebGL creation failed: 
* Can't use WebGL in headless mode (https://bugzil.la/1375585).
JavaScript error: https://gum.criteo.com/sync?c=46&r=2&j=handleData, line 1: SecurityError: The operation is insecure.
JavaScript error: https://gum.criteo.com/sync?c=46&r=2&j=handleData, line 1: SecurityError: The operation is insecure.
JavaScript warning: https://pagead2.googlesyndication.com/bg/521PoRGnh7h8BVOMyCpHrhejufpyvF5vdQBdJpCoVT0.js line 1 > Function line 3 > eval, line 1: WebGL warning: <Create>: Can't use WebGL in headless mode (https://bugzil.la/1375585).
JavaScript warning: https://pagead2.googlesyndication.com/bg/521PoRGnh7h8BVOMyCpHrhejufpyvF5vdQBdJpCoVT0.js line 1 > Function line 3 > eval, line 1: Failed to create WebGL context: WebGL creation failed: 
* Can't use WebGL in headless mode (https://bugzil.la/1375585).
1597284314823	geckodriver	INFO	Listening on 127.0.0.1:60758
1597284315829	mozrunner::runner	INFO	Running command: "/Applications/Firefox.app/Contents/MacOS/firefox-bin" "--marionette" "-headless" "-foreground" "-no-remote" "-profile" "/var/folders/ym/ldfj52kx7gvb53_wzrh_whmr0000gn/T/rust_mozprofileGYQA1J"
*** You are running in headless mode.
1597284316291	geckodriver	INFO	Listening on 127.0.0.1:60783
1597284317302	mozrunner::runner	INFO	Running command: "/Applications/Firefox.app/Contents/MacOS/firefox-bin" "--marionette" "-headless" "-foreground" "-no-remote" "-profile" "/var/folders/ym/ldfj52kx7gvb53_wzrh_whmr0000gn/T/rust_mozprofileDF1kzi"
*** You are running in headless mode.
console.error: SearchCache: "_readCacheFile: Error reading cache file:" (new Error("", "(unknown module)"))
1597284318352	Marionette	INFO	Listening on port 60773
1597284318393	Marionette	WARN	TLS certificate errors will be ignored for this session
console.error: SearchCache: "_readCacheFile: Error reading cache file:" (new Error("", "(unknown module)"))
1597284320235	Marionette	INFO	Listening on port 60809
1597284320285	Marionette	WARN	TLS certificate errors will be ignored for this session
JavaScript error: https://hm.mieru-ca.com/service/js/mieruca-hm.js?v=1597284320979, line 2: TypeError: document.body is null
JavaScript error: https://gum.criteo.com/sync?c=46&r=2&j=handleData, line 1: SecurityError: The operation is insecure.
JavaScript error: https://gum.criteo.com/sync?c=46&r=2&j=handleData, line 1: SecurityError: The operation is insecure.
JavaScript warning: https://pagead2.googlesyndication.com/bg/521PoRGnh7h8BVOMyCpHrhejufpyvF5vdQBdJpCoVT0.js line 1 > Function line 3 > eval, line 1: WebGL warning: <Create>: Can't use WebGL in headless mode (https://bugzil.la/1375585).
JavaScript warning: https://pagead2.googlesyndication.com/bg/521PoRGnh7h8BVOMyCpHrhejufpyvF5vdQBdJpCoVT0.js line 1 > Function line 3 > eval, line 1: Failed to create WebGL context: WebGL creation failed: 
* Can't use WebGL in headless mode (https://bugzil.la/1375585).
JavaScript error: https://gum.criteo.com/sync?c=46&r=2&j=handleData, line 1: SecurityError: The operation is insecure.
JavaScript warning: https://pagead2.googlesyndication.com/bg/521PoRGnh7h8BVOMyCpHrhejufpyvF5vdQBdJpCoVT0.js line 1 > Function line 3 > eval line 1 > eval, line 1: WebGL warning: <Create>: Can't use WebGL in headless mode (https://bugzil.la/1375585).
JavaScript warning: https://pagead2.googlesyndication.com/bg/521PoRGnh7h8BVOMyCpHrhejufpyvF5vdQBdJpCoVT0.js line 1 > Function line 3 > eval line 1 > eval, line 1: Failed to create WebGL context: WebGL creation failed: 
* Can't use WebGL in headless mode (https://bugzil.la/1375585).
JavaScript warning: https://pagead2.googlesyndication.com/bg/521PoRGnh7h8BVOMyCpHrhejufpyvF5vdQBdJpCoVT0.js line 1 > Function line 3 > eval, line 1: WebGL warning: <Create>: Can't use WebGL in headless mode (https://bugzil.la/1375585).
JavaScript warning: https://pagead2.googlesyndication.com/bg/521PoRGnh7h8BVOMyCpHrhejufpyvF5vdQBdJpCoVT0.js line 1 > Function line 3 > eval, line 1: Failed to create WebGL context: WebGL creation failed: 
* Can't use WebGL in headless mode (https://bugzil.la/1375585).
JavaScript error: https://gum.criteo.com/sync?c=46&r=2&j=handleData, line 1: SecurityError: The operation is insecure.
JavaScript warning: https://pagead2.googlesyndication.com/bg/521PoRGnh7h8BVOMyCpHrhejufpyvF5vdQBdJpCoVT0.js line 1 > Function line 3 > eval line 1 > eval, line 1: WebGL warning: <Create>: Can't use WebGL in headless mode (https://bugzil.la/1375585).
JavaScript warning: https://pagead2.googlesyndication.com/bg/521PoRGnh7h8BVOMyCpHrhejufpyvF5vdQBdJpCoVT0.js line 1 > Function line 3 > eval line 1 > eval, line 1: Failed to create WebGL context: WebGL creation failed: 
* Can't use WebGL in headless mode (https://bugzil.la/1375585).
1597284359315	geckodriver	INFO	Listening on 127.0.0.1:61521
1597284360323	mozrunner::runner	INFO	Running command: "/Applications/Firefox.app/Contents/MacOS/firefox-bin" "--marionette" "-headless" "-foreground" "-no-remote" "-profile" "/var/folders/ym/ldfj52kx7gvb53_wzrh_whmr0000gn/T/rust_mozprofile33PoQz"
*** You are running in headless mode.
console.error: SearchCache: "_readCacheFile: Error reading cache file:" (new Error("", "(unknown module)"))
1597284362755	Marionette	INFO	Listening on port 61536
1597284362816	Marionette	WARN	TLS certificate errors will be ignored for this session
JavaScript warning: https://www.kurashiru.com/ line 1 > injectedScript, line 1: WebGL warning: <Create>: Can't use WebGL in headless mode (https://bugzil.la/1375585).
JavaScript warning: https://www.kurashiru.com/ line 1 > injectedScript, line 1: Failed to create WebGL context: WebGL creation failed: 
* Can't use WebGL in headless mode (https://bugzil.la/1375585).
JavaScript warning: https://www.kurashiru.com/ line 1 > injectedScript, line 1: WebGL warning: <Create>: Can't use WebGL in headless mode (https://bugzil.la/1375585).
JavaScript warning: https://www.kurashiru.com/ line 1 > injectedScript, line 1: Failed to create WebGL context: WebGL creation failed: 
* Can't use WebGL in headless mode (https://bugzil.la/1375585).
JavaScript error: https://s.yimg.jp/images/listing/tool/yads/ydn/creative/variable/banner.min.js, line 2: SecurityError: The operation is insecure.
JavaScript error: https://gum.criteo.com/sync?c=46&r=2&j=handleData, line 1: SecurityError: The operation is insecure.
JavaScript warning: https://pagead2.googlesyndication.com/bg/521PoRGnh7h8BVOMyCpHrhejufpyvF5vdQBdJpCoVT0.js line 1 > Function line 3 > eval, line 1: WebGL warning: <Create>: Can't use WebGL in headless mode (https://bugzil.la/1375585).
JavaScript warning: https://pagead2.googlesyndication.com/bg/521PoRGnh7h8BVOMyCpHrhejufpyvF5vdQBdJpCoVT0.js line 1 > Function line 3 > eval, line 1: Failed to create WebGL context: WebGL creation failed: 
* Can't use WebGL in headless mode (https://bugzil.la/1375585).
JavaScript error: https://gum.criteo.com/sync?c=46&r=2&j=handleData, line 1: SecurityError: The operation is insecure.
JavaScript error: https://gum.criteo.com/sync?c=46&r=2&j=handleData, line 1: SecurityError: The operation is insecure.
JavaScript warning: https://pagead2.googlesyndication.com/bg/521PoRGnh7h8BVOMyCpHrhejufpyvF5vdQBdJpCoVT0.js line 1 > Function line 3 > eval line 1 > eval, line 1: WebGL warning: <Create>: Can't use WebGL in headless mode (https://bugzil.la/1375585).
JavaScript warning: https://pagead2.googlesyndication.com/bg/521PoRGnh7h8BVOMyCpHrhejufpyvF5vdQBdJpCoVT0.js line 1 > Function line 3 > eval line 1 > eval, line 1: Failed to create WebGL context: WebGL creation failed: 
* Can't use WebGL in headless mode (https://bugzil.la/1375585).
1597284463402	geckodriver	INFO	Listening on 127.0.0.1:62264
1597284463524	geckodriver	INFO	Listening on 127.0.0.1:62269
1597284464410	mozrunner::runner	INFO	Running command: "/Applications/Firefox.app/Contents/MacOS/firefox-bin" "--marionette" "-headless" "-foreground" "-no-remote" "-profile" "/var/folders/ym/ldfj52kx7gvb53_wzrh_whmr0000gn/T/rust_mozprofileQHUapL"
*** You are running in headless mode.
1597284464534	mozrunner::runner	INFO	Running command: "/Applications/Firefox.app/Contents/MacOS/firefox-bin" "--marionette" "-headless" "-foreground" "-no-remote" "-profile" "/var/folders/ym/ldfj52kx7gvb53_wzrh_whmr0000gn/T/rust_mozprofileHIBehP"
*** You are running in headless mode.
1597284464680	geckodriver	INFO	Listening on 127.0.0.1:62299
1597284465688	mozrunner::runner	INFO	Running command: "/Applications/Firefox.app/Contents/MacOS/firefox-bin" "--marionette" "-headless" "-foreground" "-no-remote" "-profile" "/var/folders/ym/ldfj52kx7gvb53_wzrh_whmr0000gn/T/rust_mozprofile3I7O2i"
*** You are running in headless mode.
console.error: SearchCache: "_readCacheFile: Error reading cache file:" (new Error("", "(unknown module)"))
console.error: SearchCache: "_readCacheFile: Error reading cache file:" (new Error("", "(unknown module)"))
1597284468050	Marionette	INFO	Listening on port 62295
1597284468050	Marionette	INFO	Listening on port 62284
1597284468099	Marionette	WARN	TLS certificate errors will be ignored for this session
console.error: SearchCache: "_readCacheFile: Error reading cache file:" (new Error("", "(unknown module)"))
1597284468127	Marionette	WARN	TLS certificate errors will be ignored for this session
1597284470006	Marionette	INFO	Listening on port 62339
1597284470132	Marionette	WARN	TLS certificate errors will be ignored for this session
JavaScript error: https://gum.criteo.com/sync?c=46&r=2&j=handleData, line 1: SecurityError: The operation is insecure.
JavaScript error: https://gum.criteo.com/sync?c=46&r=2&j=handleData, line 1: SecurityError: The operation is insecure.
JavaScript error: https://gum.criteo.com/sync?c=46&r=2&j=handleData, line 1: SecurityError: The operation is insecure.
JavaScript warning: https://pagead2.googlesyndication.com/bg/521PoRGnh7h8BVOMyCpHrhejufpyvF5vdQBdJpCoVT0.js line 1 > Function line 3 > eval, line 1: WebGL warning: <Create>: Can't use WebGL in headless mode (https://bugzil.la/1375585).
JavaScript warning: https://pagead2.googlesyndication.com/bg/521PoRGnh7h8BVOMyCpHrhejufpyvF5vdQBdJpCoVT0.js line 1 > Function line 3 > eval, line 1: Failed to create WebGL context: WebGL creation failed: 
* Can't use WebGL in headless mode (https://bugzil.la/1375585).
JavaScript warning: https://pagead2.googlesyndication.com/bg/521PoRGnh7h8BVOMyCpHrhejufpyvF5vdQBdJpCoVT0.js line 1 > Function line 3 > eval line 1 > eval, line 1: WebGL warning: <Create>: Can't use WebGL in headless mode (https://bugzil.la/1375585).
JavaScript warning: https://pagead2.googlesyndication.com/bg/521PoRGnh7h8BVOMyCpHrhejufpyvF5vdQBdJpCoVT0.js line 1 > Function line 3 > eval line 1 > eval, line 1: Failed to create WebGL context: WebGL creation failed: 
* Can't use WebGL in headless mode (https://bugzil.la/1375585).
JavaScript error: https://assets.kurashiru.com/production/packs/commons-c03b9494e182e4a6c7c1.js?from_ssr=true, line 84: CredentialsError: Missing credentials in config
JavaScript error: https://assets.kurashiru.com/production/packs/commons-c03b9494e182e4a6c7c1.js?from_ssr=true, line 84: CredentialsError: Missing credentials in config
JavaScript error: https://assets.kurashiru.com/production/packs/commons-c03b9494e182e4a6c7c1.js?from_ssr=true, line 84: CredentialsError: Missing credentials in config
JavaScript error: https://assets.kurashiru.com/production/packs/commons-c03b9494e182e4a6c7c1.js?from_ssr=true, line 84: CredentialsError: Missing credentials in config
JavaScript error: https://assets.kurashiru.com/production/packs/commons-c03b9494e182e4a6c7c1.js?from_ssr=true, line 84: CredentialsError: Missing credentials in config
JavaScript error: https://gum.criteo.com/sync?c=46&r=2&j=handleData, line 1: SecurityError: The operation is insecure.
JavaScript error: https://gum.criteo.com/sync?c=46&r=2&j=handleData, line 1: SecurityError: The operation is insecure.
JavaScript error: https://gum.criteo.com/sync?c=46&r=2&j=handleData, line 1: SecurityError: The operation is insecure.
JavaScript warning: https://pagead2.googlesyndication.com/bg/521PoRGnh7h8BVOMyCpHrhejufpyvF5vdQBdJpCoVT0.js line 1 > Function line 3 > eval, line 1: WebGL warning: <Create>: Can't use WebGL in headless mode (https://bugzil.la/1375585).
JavaScript warning: https://pagead2.googlesyndication.com/bg/521PoRGnh7h8BVOMyCpHrhejufpyvF5vdQBdJpCoVT0.js line 1 > Function line 3 > eval, line 1: Failed to create WebGL context: WebGL creation failed: 
* Can't use WebGL in headless mode (https://bugzil.la/1375585).
JavaScript warning: https://pagead2.googlesyndication.com/bg/521PoRGnh7h8BVOMyCpHrhejufpyvF5vdQBdJpCoVT0.js line 1 > Function line 3 > eval line 1 > eval, line 1: WebGL warning: <Create>: Can't use WebGL in headless mode (https://bugzil.la/1375585).
JavaScript warning: https://pagead2.googlesyndication.com/bg/521PoRGnh7h8BVOMyCpHrhejufpyvF5vdQBdJpCoVT0.js line 1 > Function line 3 > eval line 1 > eval, line 1: Failed to create WebGL context: WebGL creation failed: 
* Can't use WebGL in headless mode (https://bugzil.la/1375585).
JavaScript warning: https://pagead2.googlesyndication.com/bg/521PoRGnh7h8BVOMyCpHrhejufpyvF5vdQBdJpCoVT0.js line 1 > Function line 3 > eval line 1 > eval, line 1: WebGL warning: <Create>: Can't use WebGL in headless mode (https://bugzil.la/1375585).
JavaScript warning: https://pagead2.googlesyndication.com/bg/521PoRGnh7h8BVOMyCpHrhejufpyvF5vdQBdJpCoVT0.js line 1 > Function line 3 > eval line 1 > eval, line 1: Failed to create WebGL context: WebGL creation failed: 
* Can't use WebGL in headless mode (https://bugzil.la/1375585).
JavaScript error: https://gum.criteo.com/sync?c=46&r=2&j=handleData, line 1: SecurityError: The operation is insecure.
JavaScript warning: https://pagead2.googlesyndication.com/bg/521PoRGnh7h8BVOMyCpHrhejufpyvF5vdQBdJpCoVT0.js line 1 > Function line 3 > eval line 1 > eval, line 1: WebGL warning: <Create>: Can't use WebGL in headless mode (https://bugzil.la/1375585).
JavaScript warning: https://pagead2.googlesyndication.com/bg/521PoRGnh7h8BVOMyCpHrhejufpyvF5vdQBdJpCoVT0.js line 1 > Function line 3 > eval line 1 > eval, line 1: Failed to create WebGL context: WebGL creation failed: 
* Can't use WebGL in headless mode (https://bugzil.la/1375585).
JavaScript error: https://assets.kurashiru.com/production/packs/commons-c03b9494e182e4a6c7c1.js?from_ssr=true, line 84: RequestAbortedError: Request aborted
JavaScript error: https://assets.kurashiru.com/production/packs/commons-c03b9494e182e4a6c7c1.js?from_ssr=true, line 84: RequestAbortedError: Request aborted
JavaScript error: https://assets.kurashiru.com/production/packs/commons-c03b9494e182e4a6c7c1.js?from_ssr=true, line 84: RequestAbortedError: Request aborted
JavaScript error: https://gum.criteo.com/sync?c=46&r=2&j=handleData, line 1: SecurityError: The operation is insecure.
JavaScript warning: https://pagead2.googlesyndication.com/bg/521PoRGnh7h8BVOMyCpHrhejufpyvF5vdQBdJpCoVT0.js line 1 > Function line 3 > eval line 1 > eval, line 1: WebGL warning: <Create>: Can't use WebGL in headless mode (https://bugzil.la/1375585).
JavaScript warning: https://pagead2.googlesyndication.com/bg/521PoRGnh7h8BVOMyCpHrhejufpyvF5vdQBdJpCoVT0.js line 1 > Function line 3 > eval line 1 > eval, line 1: Failed to create WebGL context: WebGL creation failed: 
* Can't use WebGL in headless mode (https://bugzil.la/1375585).
1597284523328	geckodriver	INFO	Listening on 127.0.0.1:63447
1597284524338	mozrunner::runner	INFO	Running command: "/Applications/Firefox.app/Contents/MacOS/firefox-bin" "--marionette" "-headless" "-foreground" "-no-remote" "-profile" "/var/folders/ym/ldfj52kx7gvb53_wzrh_whmr0000gn/T/rust_mozprofilepc8ajX"
*** You are running in headless mode.
console.error: SearchCache: "_readCacheFile: Error reading cache file:" (new Error("", "(unknown module)"))
1597284527546	Marionette	INFO	Listening on port 63462
1597284527621	Marionette	WARN	TLS certificate errors will be ignored for this session
JavaScript error: https://gum.criteo.com/sync?c=46&r=2&j=handleData, line 1: SecurityError: The operation is insecure.
JavaScript warning: https://pagead2.googlesyndication.com/bg/521PoRGnh7h8BVOMyCpHrhejufpyvF5vdQBdJpCoVT0.js line 1 > Function line 3 > eval, line 1: WebGL warning: <Create>: Can't use WebGL in headless mode (https://bugzil.la/1375585).
JavaScript warning: https://pagead2.googlesyndication.com/bg/521PoRGnh7h8BVOMyCpHrhejufpyvF5vdQBdJpCoVT0.js line 1 > Function line 3 > eval, line 1: Failed to create WebGL context: WebGL creation failed: 
* Can't use WebGL in headless mode (https://bugzil.la/1375585).
1597284570039	geckodriver	INFO	Listening on 127.0.0.1:63906
1597284571053	mozrunner::runner	INFO	Running command: "/Applications/Firefox.app/Contents/MacOS/firefox-bin" "--marionette" "-headless" "-foreground" "-no-remote" "-profile" "/var/folders/ym/ldfj52kx7gvb53_wzrh_whmr0000gn/T/rust_mozprofileUbtsI1"
*** You are running in headless mode.
console.error: SearchCache: "_readCacheFile: Error reading cache file:" (new Error("", "(unknown module)"))
1597284574154	Marionette	INFO	Listening on port 63921
1597284574250	Marionette	WARN	TLS certificate errors will be ignored for this session
JavaScript error: https://gum.criteo.com/sync?c=46&r=2&j=handleData, line 1: SecurityError: The operation is insecure.
JavaScript warning: https://pagead2.googlesyndication.com/bg/521PoRGnh7h8BVOMyCpHrhejufpyvF5vdQBdJpCoVT0.js line 1 > Function line 3 > eval line 1 > eval, line 1: WebGL warning: <Create>: Can't use WebGL in headless mode (https://bugzil.la/1375585).
JavaScript warning: https://pagead2.googlesyndication.com/bg/521PoRGnh7h8BVOMyCpHrhejufpyvF5vdQBdJpCoVT0.js line 1 > Function line 3 > eval line 1 > eval, line 1: Failed to create WebGL context: WebGL creation failed: 
* Can't use WebGL in headless mode (https://bugzil.la/1375585).
1597284728478	geckodriver	INFO	Listening on 127.0.0.1:64863
1597284729495	mozrunner::runner	INFO	Running command: "/Applications/Firefox.app/Contents/MacOS/firefox-bin" "--marionette" "-headless" "-foreground" "-no-remote" "-profile" "/var/folders/ym/ldfj52kx7gvb53_wzrh_whmr0000gn/T/rust_mozprofilejjW0FV"
*** You are running in headless mode.
console.error: SearchCache: "_readCacheFile: Error reading cache file:" (new Error("", "(unknown module)"))
1597284732941	Marionette	INFO	Listening on port 64878
1597284733020	Marionette	WARN	TLS certificate errors will be ignored for this session
JavaScript warning: https://pagead2.googlesyndication.com/bg/521PoRGnh7h8BVOMyCpHrhejufpyvF5vdQBdJpCoVT0.js line 1 > Function line 3 > eval, line 1: WebGL warning: <Create>: Can't use WebGL in headless mode (https://bugzil.la/1375585).
JavaScript warning: https://pagead2.googlesyndication.com/bg/521PoRGnh7h8BVOMyCpHrhejufpyvF5vdQBdJpCoVT0.js line 1 > Function line 3 > eval, line 1: Failed to create WebGL context: WebGL creation failed: 
* Can't use WebGL in headless mode (https://bugzil.la/1375585).
1597284883367	geckodriver	INFO	Listening on 127.0.0.1:49446
1597284884371	mozrunner::runner	INFO	Running command: "/Applications/Firefox.app/Contents/MacOS/firefox-bin" "--marionette" "-headless" "-foreground" "-no-remote" "-profile" "/var/folders/ym/ldfj52kx7gvb53_wzrh_whmr0000gn/T/rust_mozprofilewl3dEn"
*** You are running in headless mode.
console.error: SearchCache: "_readCacheFile: Error reading cache file:" (new Error("", "(unknown module)"))
1597284887860	Marionette	INFO	Listening on port 49461
1597284887957	Marionette	WARN	TLS certificate errors will be ignored for this session
JavaScript error: https://gum.criteo.com/sync?c=46&r=2&j=handleData, line 1: SecurityError: The operation is insecure.
JavaScript error: https://gum.criteo.com/sync?c=46&r=2&j=handleData, line 1: SecurityError: The operation is insecure.
JavaScript warning: https://pagead2.googlesyndication.com/bg/521PoRGnh7h8BVOMyCpHrhejufpyvF5vdQBdJpCoVT0.js line 1 > Function line 3 > eval, line 1: WebGL warning: <Create>: Can't use WebGL in headless mode (https://bugzil.la/1375585).
JavaScript warning: https://pagead2.googlesyndication.com/bg/521PoRGnh7h8BVOMyCpHrhejufpyvF5vdQBdJpCoVT0.js line 1 > Function line 3 > eval, line 1: Failed to create WebGL context: WebGL creation failed: 
* Can't use WebGL in headless mode (https://bugzil.la/1375585).
JavaScript error: https://assets.kurashiru.com/production/packs/commons-c03b9494e182e4a6c7c1.js?from_ssr=true, line 84: RequestAbortedError: Request aborted
JavaScript error: https://assets.kurashiru.com/production/packs/commons-c03b9494e182e4a6c7c1.js?from_ssr=true, line 84: RequestAbortedError: Request aborted
JavaScript error: https://gum.criteo.com/sync?c=46&r=2&j=handleData, line 1: SecurityError: The operation is insecure.
JavaScript error: https://gum.criteo.com/sync?c=46&r=2&j=handleData, line 1: SecurityError: The operation is insecure.
JavaScript warning: https://pagead2.googlesyndication.com/bg/521PoRGnh7h8BVOMyCpHrhejufpyvF5vdQBdJpCoVT0.js line 1 > Function line 3 > eval, line 1: WebGL warning: <Create>: Can't use WebGL in headless mode (https://bugzil.la/1375585).
JavaScript warning: https://pagead2.googlesyndication.com/bg/521PoRGnh7h8BVOMyCpHrhejufpyvF5vdQBdJpCoVT0.js line 1 > Function line 3 > eval, line 1: Failed to create WebGL context: WebGL creation failed: 
* Can't use WebGL in headless mode (https://bugzil.la/1375585).
1597285037505	geckodriver	INFO	Listening on 127.0.0.1:50522
1597285038517	mozrunner::runner	INFO	Running command: "/Applications/Firefox.app/Contents/MacOS/firefox-bin" "--marionette" "-headless" "-foreground" "-no-remote" "-profile" "/var/folders/ym/ldfj52kx7gvb53_wzrh_whmr0000gn/T/rust_mozprofileEEbRVN"
*** You are running in headless mode.
console.error: SearchCache: "_readCacheFile: Error reading cache file:" (new Error("", "(unknown module)"))
1597285043039	Marionette	INFO	Listening on port 50535
1597285043062	Marionette	WARN	TLS certificate errors will be ignored for this session
JavaScript error: https://gum.criteo.com/sync?c=46&r=2&j=handleData, line 1: SecurityError: The operation is insecure.
JavaScript warning: https://pagead2.googlesyndication.com/bg/521PoRGnh7h8BVOMyCpHrhejufpyvF5vdQBdJpCoVT0.js line 1 > Function line 3 > eval, line 1: WebGL warning: <Create>: Can't use WebGL in headless mode (https://bugzil.la/1375585).
JavaScript warning: https://pagead2.googlesyndication.com/bg/521PoRGnh7h8BVOMyCpHrhejufpyvF5vdQBdJpCoVT0.js line 1 > Function line 3 > eval, line 1: Failed to create WebGL context: WebGL creation failed: 
* Can't use WebGL in headless mode (https://bugzil.la/1375585).
1597285079172	geckodriver	INFO	Listening on 127.0.0.1:50957
1597285080192	mozrunner::runner	INFO	Running command: "/Applications/Firefox.app/Contents/MacOS/firefox-bin" "--marionette" "-headless" "-foreground" "-no-remote" "-profile" "/var/folders/ym/ldfj52kx7gvb53_wzrh_whmr0000gn/T/rust_mozprofileLOOFjU"
*** You are running in headless mode.
console.error: SearchCache: "_readCacheFile: Error reading cache file:" (new Error("", "(unknown module)"))
1597285085363	Marionette	INFO	Listening on port 50973
1597285085444	Marionette	WARN	TLS certificate errors will be ignored for this session
JavaScript warning: https://pagead2.googlesyndication.com/bg/521PoRGnh7h8BVOMyCpHrhejufpyvF5vdQBdJpCoVT0.js line 1 > Function line 3 > eval, line 1: WebGL warning: <Create>: Can't use WebGL in headless mode (https://bugzil.la/1375585).
JavaScript warning: https://pagead2.googlesyndication.com/bg/521PoRGnh7h8BVOMyCpHrhejufpyvF5vdQBdJpCoVT0.js line 1 > Function line 3 > eval, line 1: Failed to create WebGL context: WebGL creation failed: 
* Can't use WebGL in headless mode (https://bugzil.la/1375585).
1597285113352	geckodriver	INFO	Listening on 127.0.0.1:51329
1597285114366	mozrunner::runner	INFO	Running command: "/Applications/Firefox.app/Contents/MacOS/firefox-bin" "--marionette" "-headless" "-foreground" "-no-remote" "-profile" "/var/folders/ym/ldfj52kx7gvb53_wzrh_whmr0000gn/T/rust_mozprofileIIVgTM"
*** You are running in headless mode.
console.error: SearchCache: "_readCacheFile: Error reading cache file:" (new Error("", "(unknown module)"))
1597285119201	Marionette	INFO	Listening on port 51344
1597285119247	Marionette	WARN	TLS certificate errors will be ignored for this session
JavaScript error: https://gum.criteo.com/sync?c=46&r=2&j=handleData, line 1: SecurityError: The operation is insecure.
JavaScript warning: https://pagead2.googlesyndication.com/bg/521PoRGnh7h8BVOMyCpHrhejufpyvF5vdQBdJpCoVT0.js line 1 > Function line 3 > eval, line 1: WebGL warning: <Create>: Can't use WebGL in headless mode (https://bugzil.la/1375585).
JavaScript warning: https://pagead2.googlesyndication.com/bg/521PoRGnh7h8BVOMyCpHrhejufpyvF5vdQBdJpCoVT0.js line 1 > Function line 3 > eval, line 1: Failed to create WebGL context: WebGL creation failed: 
* Can't use WebGL in headless mode (https://bugzil.la/1375585).
1597285163358	geckodriver	INFO	Listening on 127.0.0.1:51802
1597285164375	mozrunner::runner	INFO	Running command: "/Applications/Firefox.app/Contents/MacOS/firefox-bin" "--marionette" "-headless" "-foreground" "-no-remote" "-profile" "/var/folders/ym/ldfj52kx7gvb53_wzrh_whmr0000gn/T/rust_mozprofilek1vw5U"
*** You are running in headless mode.
1597285164669	geckodriver	INFO	Listening on 127.0.0.1:51821
1597285165699	mozrunner::runner	INFO	Running command: "/Applications/Firefox.app/Contents/MacOS/firefox-bin" "--marionette" "-headless" "-foreground" "-no-remote" "-profile" "/var/folders/ym/ldfj52kx7gvb53_wzrh_whmr0000gn/T/rust_mozprofileNLKjR3"
*** You are running in headless mode.
console.error: SearchCache: "_readCacheFile: Error reading cache file:" (new Error("", "(unknown module)"))
console.error: SearchCache: "_readCacheFile: Error reading cache file:" (new Error("", "(unknown module)"))
1597285169319	Marionette	INFO	Listening on port 51817
1597285169347	Marionette	WARN	TLS certificate errors will be ignored for this session
1597285171868	Marionette	INFO	Listening on port 51846
1597285171899	Marionette	WARN	TLS certificate errors will be ignored for this session
JavaScript error: https://gum.criteo.com/sync?c=46&r=2&j=handleData, line 1: SecurityError: The operation is insecure.
JavaScript error: https://gum.criteo.com/sync?c=46&r=2&j=handleData, line 1: SecurityError: The operation is insecure.
JavaScript warning: https://pagead2.googlesyndication.com/bg/521PoRGnh7h8BVOMyCpHrhejufpyvF5vdQBdJpCoVT0.js line 1 > Function line 3 > eval, line 1: WebGL warning: <Create>: Can't use WebGL in headless mode (https://bugzil.la/1375585).
JavaScript warning: https://pagead2.googlesyndication.com/bg/521PoRGnh7h8BVOMyCpHrhejufpyvF5vdQBdJpCoVT0.js line 1 > Function line 3 > eval, line 1: Failed to create WebGL context: WebGL creation failed: 
* Can't use WebGL in headless mode (https://bugzil.la/1375585).
JavaScript warning: https://pagead2.googlesyndication.com/bg/521PoRGnh7h8BVOMyCpHrhejufpyvF5vdQBdJpCoVT0.js line 1 > Function line 3 > eval line 1 > eval, line 1: WebGL warning: <Create>: Can't use WebGL in headless mode (https://bugzil.la/1375585).
JavaScript warning: https://pagead2.googlesyndication.com/bg/521PoRGnh7h8BVOMyCpHrhejufpyvF5vdQBdJpCoVT0.js line 1 > Function line 3 > eval line 1 > eval, line 1: Failed to create WebGL context: WebGL creation failed: 
* Can't use WebGL in headless mode (https://bugzil.la/1375585).
JavaScript error: https://gum.criteo.com/sync?c=46&r=2&j=handleData, line 1: SecurityError: The operation is insecure.
JavaScript error: https://gum.criteo.com/sync?c=46&r=2&j=handleData, line 1: SecurityError: The operation is insecure.
JavaScript warning: https://pagead2.googlesyndication.com/bg/521PoRGnh7h8BVOMyCpHrhejufpyvF5vdQBdJpCoVT0.js line 1 > Function line 3 > eval, line 1: WebGL warning: <Create>: Can't use WebGL in headless mode (https://bugzil.la/1375585).
JavaScript warning: https://pagead2.googlesyndication.com/bg/521PoRGnh7h8BVOMyCpHrhejufpyvF5vdQBdJpCoVT0.js line 1 > Function line 3 > eval, line 1: Failed to create WebGL context: WebGL creation failed: 
* Can't use WebGL in headless mode (https://bugzil.la/1375585).
JavaScript error: https://gum.criteo.com/sync?c=46&r=2&j=handleData, line 1: SecurityError: The operation is insecure.
JavaScript error: https://gum.criteo.com/sync?c=46&r=2&j=handleData, line 1: SecurityError: The operation is insecure.
JavaScript warning: https://pagead2.googlesyndication.com/bg/521PoRGnh7h8BVOMyCpHrhejufpyvF5vdQBdJpCoVT0.js line 1 > Function line 3 > eval, line 1: WebGL warning: <Create>: Can't use WebGL in headless mode (https://bugzil.la/1375585).
JavaScript warning: https://pagead2.googlesyndication.com/bg/521PoRGnh7h8BVOMyCpHrhejufpyvF5vdQBdJpCoVT0.js line 1 > Function line 3 > eval, line 1: Failed to create WebGL context: WebGL creation failed: 
* Can't use WebGL in headless mode (https://bugzil.la/1375585).
1597285233470	geckodriver	INFO	Listening on 127.0.0.1:52803
1597285234492	mozrunner::runner	INFO	Running command: "/Applications/Firefox.app/Contents/MacOS/firefox-bin" "--marionette" "-headless" "-foreground" "-no-remote" "-profile" "/var/folders/ym/ldfj52kx7gvb53_wzrh_whmr0000gn/T/rust_mozprofile1I8CRm"
*** You are running in headless mode.
console.error: SearchCache: "_readCacheFile: Error reading cache file:" (new Error("", "(unknown module)"))
1597285239133	Marionette	INFO	Listening on port 52818
1597285239212	Marionette	WARN	TLS certificate errors will be ignored for this session
JavaScript error: https://gum.criteo.com/sync?c=46&r=2&j=handleData, line 1: SecurityError: The operation is insecure.
JavaScript warning: https://pagead2.googlesyndication.com/bg/521PoRGnh7h8BVOMyCpHrhejufpyvF5vdQBdJpCoVT0.js line 1 > Function line 3 > eval line 1 > eval, line 1: WebGL warning: <Create>: Can't use WebGL in headless mode (https://bugzil.la/1375585).
JavaScript warning: https://pagead2.googlesyndication.com/bg/521PoRGnh7h8BVOMyCpHrhejufpyvF5vdQBdJpCoVT0.js line 1 > Function line 3 > eval line 1 > eval, line 1: Failed to create WebGL context: WebGL creation failed: 
* Can't use WebGL in headless mode (https://bugzil.la/1375585).
JavaScript error: https://assets.kurashiru.com/production/packs/commons-c03b9494e182e4a6c7c1.js?from_ssr=true, line 84: CredentialsError: Missing credentials in config
JavaScript error: https://assets.kurashiru.com/production/packs/commons-c03b9494e182e4a6c7c1.js?from_ssr=true, line 84: CredentialsError: Missing credentials in config
JavaScript error: https://gum.criteo.com/sync?c=46&r=2&j=handleData, line 1: SecurityError: The operation is insecure.
JavaScript error: https://gum.criteo.com/sync?c=46&r=2&j=handleData, line 1: SecurityError: The operation is insecure.
JavaScript warning: https://pagead2.googlesyndication.com/bg/521PoRGnh7h8BVOMyCpHrhejufpyvF5vdQBdJpCoVT0.js line 1 > Function line 3 > eval line 1 > eval, line 1: WebGL warning: <Create>: Can't use WebGL in headless mode (https://bugzil.la/1375585).
JavaScript warning: https://pagead2.googlesyndication.com/bg/521PoRGnh7h8BVOMyCpHrhejufpyvF5vdQBdJpCoVT0.js line 1 > Function line 3 > eval line 1 > eval, line 1: Failed to create WebGL context: WebGL creation failed: 
* Can't use WebGL in headless mode (https://bugzil.la/1375585).
1597285343125	geckodriver	INFO	Listening on 127.0.0.1:53612
1597285344132	mozrunner::runner	INFO	Running command: "/Applications/Firefox.app/Contents/MacOS/firefox-bin" "--marionette" "-headless" "-foreground" "-no-remote" "-profile" "/var/folders/ym/ldfj52kx7gvb53_wzrh_whmr0000gn/T/rust_mozprofileZ49bDb"
*** You are running in headless mode.
console.error: SearchCache: "_readCacheFile: Error reading cache file:" (new Error("", "(unknown module)"))
1597285349936	Marionette	INFO	Listening on port 53627
1597285350030	Marionette	WARN	TLS certificate errors will be ignored for this session
JavaScript error: https://gum.criteo.com/sync?c=46&r=2&j=handleData, line 1: SecurityError: The operation is insecure.
JavaScript warning: https://pagead2.googlesyndication.com/bg/521PoRGnh7h8BVOMyCpHrhejufpyvF5vdQBdJpCoVT0.js line 1 > Function line 3 > eval, line 1: WebGL warning: <Create>: Can't use WebGL in headless mode (https://bugzil.la/1375585).
JavaScript warning: https://pagead2.googlesyndication.com/bg/521PoRGnh7h8BVOMyCpHrhejufpyvF5vdQBdJpCoVT0.js line 1 > Function line 3 > eval, line 1: Failed to create WebGL context: WebGL creation failed: 
* Can't use WebGL in headless mode (https://bugzil.la/1375585).
JavaScript error: https://gum.criteo.com/sync?c=46&r=2&j=handleData, line 1: SecurityError: The operation is insecure.
JavaScript error: https://gum.criteo.com/sync?c=46&r=2&j=handleData, line 1: SecurityError: The operation is insecure.
JavaScript warning: https://pagead2.googlesyndication.com/bg/521PoRGnh7h8BVOMyCpHrhejufpyvF5vdQBdJpCoVT0.js line 1 > Function line 3 > eval, line 1: WebGL warning: <Create>: Can't use WebGL in headless mode (https://bugzil.la/1375585).
JavaScript warning: https://pagead2.googlesyndication.com/bg/521PoRGnh7h8BVOMyCpHrhejufpyvF5vdQBdJpCoVT0.js line 1 > Function line 3 > eval, line 1: Failed to create WebGL context: WebGL creation failed: 
* Can't use WebGL in headless mode (https://bugzil.la/1375585).
1597285428188	geckodriver	INFO	Listening on 127.0.0.1:54296
1597285429236	mozrunner::runner	INFO	Running command: "/Applications/Firefox.app/Contents/MacOS/firefox-bin" "--marionette" "-headless" "-foreground" "-no-remote" "-profile" "/var/folders/ym/ldfj52kx7gvb53_wzrh_whmr0000gn/T/rust_mozprofileD62PMr"
*** You are running in headless mode.
console.error: SearchCache: "_readCacheFile: Error reading cache file:" (new Error("", "(unknown module)"))
1597285446315	Marionette	INFO	Listening on port 54311
1597285446509	Marionette	WARN	TLS certificate errors will be ignored for this session
JavaScript error: https://gum.criteo.com/sync?c=46&r=2&j=handleData, line 1: SecurityError: The operation is insecure.
JavaScript warning: https://pagead2.googlesyndication.com/bg/521PoRGnh7h8BVOMyCpHrhejufpyvF5vdQBdJpCoVT0.js line 1 > Function line 3 > eval, line 1: WebGL warning: <Create>: Can't use WebGL in headless mode (https://bugzil.la/1375585).
JavaScript warning: https://pagead2.googlesyndication.com/bg/521PoRGnh7h8BVOMyCpHrhejufpyvF5vdQBdJpCoVT0.js line 1 > Function line 3 > eval, line 1: Failed to create WebGL context: WebGL creation failed: 
* Can't use WebGL in headless mode (https://bugzil.la/1375585).
JavaScript error: https://gum.criteo.com/sync?c=46&r=2&j=handleData, line 1: SecurityError: The operation is insecure.
JavaScript warning: https://pagead2.googlesyndication.com/bg/521PoRGnh7h8BVOMyCpHrhejufpyvF5vdQBdJpCoVT0.js line 1 > Function line 3 > eval line 1 > eval, line 1: WebGL warning: <Create>: Can't use WebGL in headless mode (https://bugzil.la/1375585).
JavaScript warning: https://pagead2.googlesyndication.com/bg/521PoRGnh7h8BVOMyCpHrhejufpyvF5vdQBdJpCoVT0.js line 1 > Function line 3 > eval line 1 > eval, line 1: Failed to create WebGL context: WebGL creation failed: 
* Can't use WebGL in headless mode (https://bugzil.la/1375585).
1597285607647	geckodriver	INFO	Listening on 127.0.0.1:55467
1597285608667	mozrunner::runner	INFO	Running command: "/Applications/Firefox.app/Contents/MacOS/firefox-bin" "--marionette" "-headless" "-foreground" "-no-remote" "-profile" "/var/folders/ym/ldfj52kx7gvb53_wzrh_whmr0000gn/T/rust_mozprofile5qicyS"
1597285609283	geckodriver	INFO	Listening on 127.0.0.1:55487
*** You are running in headless mode.
1597285610293	mozrunner::runner	INFO	Running command: "/Applications/Firefox.app/Contents/MacOS/firefox-bin" "--marionette" "-headless" "-foreground" "-no-remote" "-profile" "/var/folders/ym/ldfj52kx7gvb53_wzrh_whmr0000gn/T/rust_mozprofilezHht9j"
*** You are running in headless mode.
1597285613498	geckodriver	INFO	Listening on 127.0.0.1:55583
1597285614503	mozrunner::runner	INFO	Running command: "/Applications/Firefox.app/Contents/MacOS/firefox-bin" "--marionette" "-headless" "-foreground" "-no-remote" "-profile" "/var/folders/ym/ldfj52kx7gvb53_wzrh_whmr0000gn/T/rust_mozprofileKpMGxA"
*** You are running in headless mode.
1597285623659	geckodriver	INFO	Listening on 127.0.0.1:55921
1597285623679	mozrunner::runner	INFO	Running command: "/Applications/Firefox.app/Contents/MacOS/firefox-bin" "--marionette" "-headless" "-foreground" "-no-remote" "-profile" "/var/folders/ym/ldfj52kx7gvb53_wzrh_whmr0000gn/T/rust_mozprofileznXIkU"
*** You are running in headless mode.
console.error: SearchCache: "_readCacheFile: Error reading cache file:" (new Error("", "(unknown module)"))
console.error: SearchCache: "_readCacheFile: Error reading cache file:" (new Error("", "(unknown module)"))
console.error: SearchCache: "_readCacheFile: Error reading cache file:" (new Error("", "(unknown module)"))
1597285646876	geckodriver	INFO	Listening on 127.0.0.1:56938
1597285647905	mozrunner::runner	INFO	Running command: "/Applications/Firefox.app/Contents/MacOS/firefox-bin" "--marionette" "-headless" "-foreground" "-no-remote" "-profile" "/var/folders/ym/ldfj52kx7gvb53_wzrh_whmr0000gn/T/rust_mozprofile0V1PUY"
*** You are running in headless mode.
1597285658430	Marionette	INFO	Listening on port 55478
1597285658679	Marionette	WARN	TLS certificate errors will be ignored for this session
1597285663497	Marionette	INFO	Listening on port 55508
1597285663797	Marionette	WARN	TLS certificate errors will be ignored for this session
console.error: SearchCache: "_readCacheFile: Error reading cache file:" (new Error("", "(unknown module)"))
JavaScript error: https://hm.mieru-ca.com/service/js/mieruca-hm.js?v=1597285660852, line 2: TypeError: document.body is null
[GFX1-]: Receive IPC close with reason=AbnormalShutdown
Exiting due to channel error.
[GFX1-]: Receive IPC close with reason=AbnormalShutdown
Exiting due to channel error.
[GFX1-]: Receive IPC close with reason=AbnormalShutdown
Exiting due to channel error.
JavaScript error: https://hm.mieru-ca.com/service/js/mieruca-hm.js?v=1597285668487, line 2: TypeError: document.body is null
[GFX1-]: Receive IPC close with reason=AbnormalShutdown
Exiting due to channel error.
[GFX1-]: Receive IPC close with reason=AbnormalShutdown
Exiting due to channel error.
JavaScript warning: https://www.kurashiru.com/ line 1 > injectedScript, line 1: WebGL warning: <Create>: Can't use WebGL in headless mode (https://bugzil.la/1375585).
JavaScript warning: https://www.kurashiru.com/ line 1 > injectedScript, line 1: Failed to create WebGL context: WebGL creation failed: 
* Can't use WebGL in headless mode (https://bugzil.la/1375585).
JavaScript warning: https://www.kurashiru.com/ line 1 > injectedScript, line 1: WebGL warning: <Create>: Can't use WebGL in headless mode (https://bugzil.la/1375585).
JavaScript warning: https://www.kurashiru.com/ line 1 > injectedScript, line 1: Failed to create WebGL context: WebGL creation failed: 
* Can't use WebGL in headless mode (https://bugzil.la/1375585).
[GFX1-]: Receive IPC close with reason=AbnormalShutdown
[GFX1-]: Receive IPC close with reason=AbnormalShutdown
Exiting due to channel error.
Exiting due to channel error.
JavaScript error: https://s.yimg.jp/images/listing/tool/yads/ydn/creative/variable/banner.min.js, line 2: SecurityError: The operation is insecure.
[GFX1-]: Receive IPC close with reason=AbnormalShutdown
[GFX1-]: Receive IPC close with reason=AbnormalShutdown
Exiting due to channel error.
Exiting due to channel error.
Exiting due to channel error.
Exiting due to channel error.
Exiting due to channel error.
[GFX1-]: Receive IPC close with reason=AbnormalShutdown
Exiting due to channel error.
Exiting due to channel error.
[GFX1-]: Receive IPC close with reason=AbnormalShutdown
Exiting due to channel error.
Exiting due to channel error.
[GFX1-]: Receive IPC close with reason=AbnormalShutdown
Exiting due to channel error.
[GFX1-]: Receive IPC close with reason=AbnormalShutdown
Exiting due to channel error.
[GFX1-]: Receive IPC close with reason=AbnormalShutdown
Exiting due to channel error.
Exiting due to channel error.
Exiting due to channel error.
[GFX1-]: Receive IPC close with reason=AbnormalShutdown
Exiting due to channel error.
[GFX1-]: Receive IPC close with reason=AbnormalShutdown
Exiting due to channel error.
Exiting due to channel error.
Exiting due to channel error.
Exiting due to channel error.
Exiting due to channel error.
Exiting due to channel error.
Exiting due to channel error.
Exiting due to channel error.
Exiting due to channel error.
Exiting due to channel error.
Exiting due to channel error.
[GFX1-]: Receive IPC close with reason=AbnormalShutdown
Exiting due to channel error.
[GFX1-]: Receive IPC close with reason=AbnormalShutdown
Exiting due to channel error.
Exiting due to channel error.
[GFX1-]: Receive IPC close with reason=AbnormalShutdown
Exiting due to channel error.
[GFX1-]: Receive IPC close with reason=AbnormalShutdown
Exiting due to channel error.
Exiting due to channel error.
Exiting due to channel error.
Exiting due to channel error.
Exiting due to channel error.
Exiting due to channel error.
Exiting due to channel error.
[GFX1-]: Receive IPC close with reason=AbnormalShutdown
Exiting due to channel error.
Exiting due to channel error.
Exiting due to channel error.
Exiting due to channel error.
[GFX1-]: Receive IPC close with reason=AbnormalShutdown
Exiting due to channel error.
Exiting due to channel error.
Exiting due to channel error.
Exiting due to channel error.
[GFX1-]: Receive IPC close with reason=AbnormalShutdown
Exiting due to channel error.
Exiting due to channel error.
Exiting due to channel error.
Exiting due to channel error.
Exiting due to channel error.
Exiting due to channel error.
Exiting due to channel error.
[GFX1-]: Receive IPC close with reason=AbnormalShutdown
[GFX1-]: Receive IPC close with reason=AbnormalShutdown
Exiting due to channel error.
Exiting due to channel error.
Exiting due to channel error.
Exiting due to channel error.
Exiting due to channel error.
Exiting due to channel error.
[GFX1-]: Receive IPC close with reason=AbnormalShutdown
Exiting due to channel error.
Exiting due to channel error.
[GFX1-]: Receive IPC close with reason=AbnormalShutdown
Exiting due to channel error.
Exiting due to channel error.
Exiting due to channel error.
Exiting due to channel error.
[GFX1-]: Receive IPC close with reason=AbnormalShutdown
Exiting due to channel error.
[GFX1-]: Receive IPC close with reason=AbnormalShutdown
[GFX1-]: Receive IPC close with reason=AbnormalShutdown
Exiting due to channel error.
Exiting due to channel error.
Exiting due to channel error.
Exiting due to channel error.
[GFX1-]: Receive IPC close with reason=AbnormalShutdown
Exiting due to channel error.
Exiting due to channel error.
Exiting due to channel error.
Exiting due to channel error.
[GFX1-]: Receive IPC close with reason=AbnormalShutdown
[GFX1-]: Receive IPC close with reason=AbnormalShutdown
Exiting due to channel error.
[GFX1-]: Receive IPC close with reason=AbnormalShutdown
Exiting due to channel error.
Exiting due to channel error.
Exiting due to channel error.
Exiting due to channel error.
Exiting due to channel error.
Exiting due to channel error.
Exiting due to channel error.
Exiting due to channel error.
[GFX1-]: Receive IPC close with reason=AbnormalShutdown
Exiting due to channel error.
Exiting due to channel error.
Exiting due to channel error.
Exiting due to channel error.
Exiting due to channel error.
Exiting due to channel error.
Exiting due to channel error.
Exiting due to channel error.
1597285734039	geckodriver	INFO	Listening on 127.0.0.1:59128
1597285735052	mozrunner::runner	INFO	Running command: "/Applications/Firefox.app/Contents/MacOS/firefox-bin" "--marionette" "-headless" "-foreground" "-no-remote" "-profile" "/var/folders/ym/ldfj52kx7gvb53_wzrh_whmr0000gn/T/rust_mozprofile1Z2035"
*** You are running in headless mode.
console.error: SearchCache: "_readCacheFile: Error reading cache file:" (new Error("", "(unknown module)"))
1597285736566	Marionette	INFO	Listening on port 59139
1597285736590	Marionette	WARN	TLS certificate errors will be ignored for this session
JavaScript warning: https://pagead2.googlesyndication.com/bg/521PoRGnh7h8BVOMyCpHrhejufpyvF5vdQBdJpCoVT0.js line 1 > Function line 3 > eval line 1 > eval, line 1: WebGL warning: <Create>: Can't use WebGL in headless mode (https://bugzil.la/1375585).
JavaScript warning: https://pagead2.googlesyndication.com/bg/521PoRGnh7h8BVOMyCpHrhejufpyvF5vdQBdJpCoVT0.js line 1 > Function line 3 > eval line 1 > eval, line 1: Failed to create WebGL context: WebGL creation failed: 
* Can't use WebGL in headless mode (https://bugzil.la/1375585).
JavaScript error: https://assets.kurashiru.com/production/packs/commons-c03b9494e182e4a6c7c1.js?from_ssr=true, line 84: RequestAbortedError: Request aborted
JavaScript error: https://gum.criteo.com/sync?c=46&r=2&j=handleData, line 1: SecurityError: The operation is insecure.
JavaScript warning: https://pagead2.googlesyndication.com/bg/521PoRGnh7h8BVOMyCpHrhejufpyvF5vdQBdJpCoVT0.js line 1 > Function line 3 > eval, line 1: WebGL warning: <Create>: Can't use WebGL in headless mode (https://bugzil.la/1375585).
JavaScript warning: https://pagead2.googlesyndication.com/bg/521PoRGnh7h8BVOMyCpHrhejufpyvF5vdQBdJpCoVT0.js line 1 > Function line 3 > eval, line 1: Failed to create WebGL context: WebGL creation failed: 
* Can't use WebGL in headless mode (https://bugzil.la/1375585).
Exiting due to channel error.
[GFX1-]: Receive IPC close with reason=AbnormalShutdown
Exiting due to channel error.
[GFX1-]: Receive IPC close with reason=AbnormalShutdown
Exiting due to channel error.
